[debug] [2022-03-02T19:22:19.285Z] ----------------------------------------------------------------------
[debug] [2022-03-02T19:22:19.286Z] Command:       C:\Program Files\nodejs\node.exe C:\Users\Tornasuk\AppData\Roaming\npm\node_modules\firebase-tools\lib\bin\firebase.js emulators:start
[debug] [2022-03-02T19:22:19.287Z] CLI Version:   10.2.1
[debug] [2022-03-02T19:22:19.287Z] Platform:      win32
[debug] [2022-03-02T19:22:19.287Z] Node Version:  v16.13.2
[debug] [2022-03-02T19:22:19.288Z] Time:          Wed Mar 02 2022 20:22:19 GMT+0100 (hora estándar de Europa central)
[debug] [2022-03-02T19:22:19.288Z] ----------------------------------------------------------------------
[debug] 
[debug] [2022-03-02T19:22:19.336Z] > command requires scopes: ["email","openid","https://www.googleapis.com/auth/cloudplatformprojects.readonly","https://www.googleapis.com/auth/firebase","https://www.googleapis.com/auth/cloud-platform"]
[debug] [2022-03-02T19:22:19.337Z] > authorizing via signed-in user (tornasuk.dev@gmail.com)
[info] i  emulators: Starting emulators: hosting {"metadata":{"emulator":{"name":"hub"},"message":"Starting emulators: hosting"}}
[debug] [2022-03-02T19:22:19.348Z] [hub] writing locator at C:\Users\Tornasuk\AppData\Local\Temp\hub-pianimu.json
[debug] [2022-03-02T19:22:19.355Z] > refreshing access token with scopes: []
[debug] [2022-03-02T19:22:19.356Z] >>> HTTP REQUEST POST https://www.googleapis.com/oauth2/v3/token  
 <request body omitted>
[debug] [2022-03-02T19:22:19.499Z] <<< HTTP RESPONSE 200 {"expires":"Mon, 01 Jan 1990 00:00:00 GMT","pragma":"no-cache","cache-control":"no-cache, no-store, max-age=0, must-revalidate","date":"Wed, 02 Mar 2022 19:22:19 GMT","content-type":"application/json; charset=utf-8","vary":"X-Origin, Referer, Origin,Accept-Encoding","server":"scaffolding on HTTPServer2","x-xss-protection":"0","x-frame-options":"SAMEORIGIN","x-content-type-options":"nosniff","alt-svc":"h3=\":443\"; ma=2592000,h3-29=\":443\"; ma=2592000,h3-Q050=\":443\"; ma=2592000,h3-Q046=\":443\"; ma=2592000,h3-Q043=\":443\"; ma=2592000,quic=\":443\"; ma=2592000; v=\"46,43\"","accept-ranges":"none","transfer-encoding":"chunked"}
[debug] [2022-03-02T19:22:19.532Z] >>> [apiv2][query] GET https://firebasehosting.googleapis.com/v1beta1/projects/pianimu/sites 
[debug] [2022-03-02T19:22:20.425Z] <<< [apiv2][status] GET https://firebasehosting.googleapis.com/v1beta1/projects/pianimu/sites 200
[debug] [2022-03-02T19:22:20.426Z] <<< [apiv2][body] GET https://firebasehosting.googleapis.com/v1beta1/projects/pianimu/sites {"sites":[{"name":"projects/61308038253/sites/pianimu","defaultUrl":"https://pianimu.web.app","appId":"1:61308038253:web:3bca828cb4b801d31fe364","type":"DEFAULT_SITE"}]}
[debug] [2022-03-02T19:22:20.426Z] >>> [apiv2][query] GET https://firebase.googleapis.com/v1beta1/projects/pianimu/webApps/1:61308038253:web:3bca828cb4b801d31fe364/config [none]
[debug] [2022-03-02T19:22:21.309Z] <<< [apiv2][status] GET https://firebase.googleapis.com/v1beta1/projects/pianimu/webApps/1:61308038253:web:3bca828cb4b801d31fe364/config 200
[debug] [2022-03-02T19:22:21.309Z] <<< [apiv2][body] GET https://firebase.googleapis.com/v1beta1/projects/pianimu/webApps/1:61308038253:web:3bca828cb4b801d31fe364/config {"projectId":"pianimu","appId":"1:61308038253:web:3bca828cb4b801d31fe364","storageBucket":"pianimu.appspot.com","locationId":"europe-west","apiKey":"AIzaSyAGvm_-4uz8QZGzlBaTSsbXeByF1VuDXSE","authDomain":"pianimu.firebaseapp.com","messagingSenderId":"61308038253","measurementId":"G-G2LEHBW48L"}
[info] i  hosting: Serving hosting files from: public {"metadata":{"emulator":{"name":"hosting"},"message":"Serving hosting files from: \u001b[1mpublic\u001b[22m"}}
[info] +  hosting: Local server: http://localhost:5000 {"metadata":{"emulator":{"name":"hosting"},"message":"Local server: \u001b[4m\u001b[1mhttp://localhost:5000\u001b[22m\u001b[24m"}}
[warn] !  emulators: The Emulator UI requires a project ID to start. Configure your default project with 'firebase use' or pass the --project flag. {"metadata":{"emulator":{"name":"hub"},"message":"The Emulator UI requires a project ID to start. Configure your default project with 'firebase use' or pass the --project flag."}}
[info] 
┌─────────────────────────────────────────────────────────────┐
│ ✔  All emulators ready! It is now safe to connect your app. │
└─────────────────────────────────────────────────────────────┘

┌──────────┬────────────────┐
│ Emulator │ Host:Port      │
├──────────┼────────────────┤
│ Hosting  │ localhost:5000 │
└──────────┴────────────────┘
  Emulator Hub running at localhost:4400
  Other reserved ports: None

Issues? Report them at https://github.com/firebase/firebase-tools/issues and attach the *-debug.log files.
 
[info] i  hosting: 127.0.0.1 - - [02/Mar/2022:19:22:38 +0000] "GET / HTTP/1.1" 200 1721 "-" "Mozilla/5.0 (Windows NT 10.0; Win64; x64; rv:98.0) Gecko/20100101 Firefox/98.0" {"metadata":{"emulator":{"name":"hosting"},"message":"127.0.0.1 - - [02/Mar/2022:19:22:38 +0000] \"GET / HTTP/1.1\" 200 1721 \"-\" \"Mozilla/5.0 (Windows NT 10.0; Win64; x64; rv:98.0) Gecko/20100101 Firefox/98.0\""}}
[info] i  hosting: 127.0.0.1 - - [02/Mar/2022:19:22:38 +0000] "GET /%PUBLIC_URL%/logo192.png HTTP/1.1" 500 - "http://localhost:5000/" "Mozilla/5.0 (Windows NT 10.0; Win64; x64; rv:98.0) Gecko/20100101 Firefox/98.0" {"metadata":{"emulator":{"name":"hosting"},"message":"127.0.0.1 - - [02/Mar/2022:19:22:38 +0000] \"GET /%PUBLIC_URL%/logo192.png HTTP/1.1\" 500 - \"http://localhost:5000/\" \"Mozilla/5.0 (Windows NT 10.0; Win64; x64; rv:98.0) Gecko/20100101 Firefox/98.0\""}}
[info] i  hosting: 127.0.0.1 - - [02/Mar/2022:19:22:38 +0000] "GET /%PUBLIC_URL%/favicon.ico HTTP/1.1" 500 - "http://localhost:5000/" "Mozilla/5.0 (Windows NT 10.0; Win64; x64; rv:98.0) Gecko/20100101 Firefox/98.0" {"metadata":{"emulator":{"name":"hosting"},"message":"127.0.0.1 - - [02/Mar/2022:19:22:38 +0000] \"GET /%PUBLIC_URL%/favicon.ico HTTP/1.1\" 500 - \"http://localhost:5000/\" \"Mozilla/5.0 (Windows NT 10.0; Win64; x64; rv:98.0) Gecko/20100101 Firefox/98.0\""}}
